[02:23:05] [ServerMain/INFO]: Environment: Environment[sessionHost=https://sessionserver.mojang.com, servicesHost=https://api.minecraftservices.com, profilesHost=https://api.mojang.com, name=PROD]
[02:23:07] [ServerMain/INFO]: No existing world data, creating new world
[02:23:09] [ServerMain/INFO]: Loaded 1470 recipes
[02:23:09] [ServerMain/INFO]: Loaded 1584 advancements
[02:23:09] [Server thread/INFO]: Starting minecraft server version 1.21.11
[02:23:09] [Server thread/INFO]: Loading properties
[02:23:09] [Server thread/INFO]: Default game type: SURVIVAL
[02:23:09] [Server thread/INFO]: Generating keypair
[02:23:09] [Server thread/INFO]: Starting Minecraft server on *:25565
[02:23:09] [Server thread/WARN]: **** SERVER IS RUNNING IN OFFLINE/INSECURE MODE!
[02:23:09] [Server thread/WARN]: The server will make no attempt to authenticate usernames. Beware.
[02:23:09] [Server thread/WARN]: While this makes the game possible to play without internet access, it also opens up the ability for hackers to connect with any username they choose.
[02:23:09] [Server thread/WARN]: To change this, set "online-mode" to "true" in the server.properties file.
[02:23:09] [Server thread/INFO]: Preparing level "world"
[02:23:10] [Server thread/INFO]: Selecting global world spawn...
[02:23:25] [Server thread/INFO]: Loading 0 persistent chunks...
[02:23:25] [Server thread/INFO]: Preparing spawn area: 100%
[02:23:25] [Server thread/INFO]: Time elapsed: 14922 ms
[02:23:25] [Server thread/INFO]: Done (15.654s)! For help, type "help"
[02:23:56] [Server thread/INFO]: matthe[/10.214.50.122:50869] logged in with entity id 9 at (-28.5, 83.0, 61.5)
[02:23:56] [Server thread/INFO]: matthe joined the game
[02:25:02] [Server thread/INFO]: elbasto_[/10.214.50.233:50977] logged in with entity id 471 at (-33.5, 95.0, 73.5)
[02:25:02] [Server thread/INFO]: elbasto_ joined the game
[02:27:57] [Server thread/INFO]: Danynii[/10.214.50.88:52759] logged in with entity id 1050 at (-40.5, 88.0, 69.5)
[02:27:57] [Server thread/INFO]: Danynii joined the game
[02:29:59] [Server thread/INFO]: matthe has made the advancement [Stone Age]
[02:32:07] [Server thread/INFO]: elbasto_ has made the advancement [Stone Age]
[02:32:40] [Server thread/INFO]: matthe has made the advancement [Getting an Upgrade]
[02:32:41] [Server thread/INFO]: elbasto_ has made the advancement [Getting an Upgrade]
[02:35:14] [Server thread/INFO]: matthe has made the advancement [Monster Hunter]
[02:35:34] [Server thread/INFO]: Danynii has made the advancement [Stone Age]
[02:37:14] [Server thread/INFO]: elbasto_ has made the advancement [Monster Hunter]
[02:39:54] [Server thread/INFO]: matthe has made the advancement [Acquire Hardware]
[02:40:02] [Server thread/INFO]: elbasto_ has made the advancement [Acquire Hardware]
[02:40:36] [Server thread/INFO]: Danynii has made the advancement [Acquire Hardware]
[02:41:10] [Server thread/INFO]: elbasto_ has made the advancement [Isn't It Iron Pick]
[02:47:05] [Server thread/INFO]: Danynii has made the advancement [Isn't It Iron Pick]
[02:50:20] [Server thread/INFO]: matthe has made the advancement [Not Today, Thank You]
[02:51:39] [Server thread/INFO]: matthe has made the advancement [Take Aim]
[02:56:37] [Server thread/INFO]: elbasto_ has made the advancement [Not Today, Thank You]
[02:57:55] [Server thread/INFO]: Danynii has made the advancement [Monster Hunter]
[02:58:24] [Server thread/INFO]: matthe has made the advancement [Isn't It Iron Pick]
[03:02:26] [Server thread/INFO]: Danynii has made the advancement [A Seedy Place]
[03:06:37] [Server thread/INFO]: matthe has made the advancement [Diamonds!]
[03:08:05] [Server thread/INFO]: elbasto_ has made the advancement [Diamonds!]
[03:08:24] [Server thread/INFO]: Danynii has made the advancement [Diamonds!]
[03:17:17] [Server thread/INFO]: Danynii has made the advancement [Cover Me with Diamonds]
[03:17:20] [Server thread/INFO]: elbasto_ has made the advancement [Cover Me with Diamonds]
[03:17:25] [Server thread/INFO]: matthe has made the advancement [Cover Me with Diamonds]
[03:18:10] [Server thread/INFO]: matthe has made the advancement [Suit Up]
[03:20:19] [Server thread/INFO]: Danynii has made the advancement [Suit Up]
[03:21:16] [Server thread/INFO]: elbasto_ has made the advancement [Suit Up]
[03:25:59] [Server thread/WARN]: Mismatch in destroy block pos: is{x=-321, y=86, z=-181} is{x=-321, y=84, z=-181}
[03:25:59] [Server thread/WARN]: Mismatch in destroy block pos: is{x=-321, y=86, z=-181} is{x=-321, y=84, z=-181}
[03:35:31] [Server thread/INFO]: Danynii has made the advancement [Not Today, Thank You]
[03:36:34] [Server thread/INFO]: elbasto_ has made the advancement [A Seedy Place]
[03:40:29] [Server thread/INFO]: Danynii has made the advancement [Sweet Dreams]
[03:40:30] [Server thread/INFO]: matthe has made the advancement [Sweet Dreams]
[03:40:32] [Server thread/INFO]: elbasto_ has made the advancement [Sweet Dreams]
[03:41:26] [Server thread/INFO]: elbasto_ lost connection: Disconnected
[03:41:26] [Server thread/INFO]: elbasto_ left the game
[03:41:35] [Server thread/INFO]: elbasto_[/10.214.50.233:60954] logged in with entity id 26780 at (-88.9927209259429, 63.0, -5.344333368040385)
[03:41:35] [Server thread/INFO]: elbasto_ joined the game
[03:41:42] [Server thread/INFO]: elbasto_ lost connection: Disconnected
[03:41:42] [Server thread/INFO]: elbasto_ left the game
[03:41:51] [Server thread/INFO]: Danynii has made the advancement [Country Lode, Take Me Home]
[03:46:21] [Server thread/INFO]: Danynii lost connection: Disconnected
[03:46:21] [Server thread/INFO]: Danynii left the game
[03:49:30] [Server thread/INFO]: matthe lost connection: Disconnected
[03:49:30] [Server thread/INFO]: matthe left the game
[03:50:30] [Server thread/INFO]: Server empty for 60 seconds, pausing
